{
  "RSpec": {
    "coverage": {
      "/Users/student/Documents/Eve/Projects/Week_10/bank-tech-test/spec/feature/bank_spec.rb": [
        1,
        5,
        5,
        1,
        null,
        1,
        4,
        null,
        null,
        1,
        1,
        null,
        null,
        1,
        1,
        1,
        null,
        null,
        1,
        1,
        2,
        null,
        null,
        1,
        1,
        1,
        1,
        1,
        2,
        null,
        null
      ],
      "/Users/student/Documents/Eve/Projects/Week_10/bank-tech-test/spec/unit/account_spec.rb": [
        1,
        null,
        1,
        8,
        8,
        8,
        null,
        1,
        7,
        null,
        null,
        1,
        null,
        1,
        1,
        1,
        1,
        1,
        null,
        null,
        null,
        1,
        null,
        1,
        1,
        1,
        1,
        1,
        1,
        1,
        null,
        null,
        1,
        2,
        null,
        null,
        null,
        1,
        1,
        2,
        1,
        2,
        null,
        null,
        1,
        2,
        2,
        1,
        1,
        2,
        null,
        null,
        1,
        2,
        2,
        1,
        1,
        2,
        null,
        null,
        1,
        2,
        2,
        1,
        1,
        1,
        1,
        2,
        null,
        null,
        null,
        null
      ],
      "/Users/student/Documents/Eve/Projects/Week_10/bank-tech-test/lib/account.rb": [
        1,
        1,
        null,
        1,
        null,
        1,
        11,
        11,
        11,
        null,
        null,
        1,
        10,
        10,
        10,
        null,
        null,
        1,
        6,
        null,
        4,
        4,
        4,
        null,
        null,
        1,
        6,
        null,
        null,
        1,
        1,
        null,
        1,
        6,
        null,
        null
      ],
      "/Users/student/Documents/Eve/Projects/Week_10/bank-tech-test/lib/operation.rb": [
        1,
        null,
        1,
        1,
        null,
        1,
        10,
        null,
        null,
        1,
        9,
        6,
        null,
        3,
        null,
        null,
        null,
        null
      ],
      "/Users/student/Documents/Eve/Projects/Week_10/bank-tech-test/lib/statement.rb": [
        1,
        null,
        1,
        null,
        1,
        6,
        null,
        null,
        1,
        4,
        null,
        3,
        9,
        null,
        3,
        null,
        null,
        1,
        null,
        1,
        3,
        null,
        null,
        null
      ],
      "/Users/student/Documents/Eve/Projects/Week_10/bank-tech-test/spec/unit/operation_spec.rb": [
        1,
        null,
        1,
        1,
        null,
        1,
        2,
        null,
        null,
        1,
        1,
        1,
        1,
        null,
        null,
        1,
        1,
        1,
        1,
        null,
        null,
        null
      ],
      "/Users/student/Documents/Eve/Projects/Week_10/bank-tech-test/spec/unit/statement_spec.rb": [
        1,
        null,
        1,
        3,
        1,
        null,
        1,
        2,
        null,
        null,
        1,
        null,
        1,
        1,
        2,
        null,
        null,
        null,
        1,
        1,
        null,
        null,
        1,
        2,
        1,
        2,
        null,
        null,
        null,
        null
      ]
    },
    "timestamp": 1580375984
  }
}
